# JRE version: OpenJDK Runtime Environment (11.0.13) (build 11.0.13+0-b1751.21-8125866)
# Java VM: OpenJDK 64-Bit Server VM (11.0.13+0-b1751.21-8125866, mixed mode, tiered, compressed oops, g1 gc, windows-amd64)
Heap:
 garbage-first heap   total 471040K, used 254600K [0x0000000080000000, 0x0000000100000000)
  region size 1024K, 10 young (10240K), 10 survivors (10240K)
 Metaspace       used 116689K, capacity 120205K, committed 120320K, reserved 1153024K
  class space    used 14773K, capacity 16127K, committed 16128K, reserved 1048576K
GC Heap History (20 events):
Event: 189.352 GC heap after
{Heap after GC invocations=138 (full 0):
 garbage-first heap   total 263168K, used 228085K [0x0000000080000000, 0x0000000100000000)
  region size 1024K, 2 young (2048K), 2 survivors (2048K)
 Metaspace       used 116058K, capacity 119357K, committed 119424K, reserved 1153024K
  class space    used 14691K, capacity 15975K, committed 16000K, reserved 1048576K
}
Event: 189.446 GC heap before
{Heap before GC invocations=138 (full 0):
 garbage-first heap   total 263168K, used 238325K [0x0000000080000000, 0x0000000100000000)
  region size 1024K, 12 young (12288K), 2 survivors (2048K)
 Metaspace       used 116069K, capacity 119357K, committed 119424K, reserved 1153024K
  class space    used 14691K, capacity 15975K, committed 16000K, reserved 1048576K
}
Event: 189.450 GC heap after
{Heap after GC invocations=139 (full 0):
 garbage-first heap   total 263168K, used 226588K [0x0000000080000000, 0x0000000100000000)
  region size 1024K, 2 young (2048K), 2 survivors (2048K)
 Metaspace       used 116069K, capacity 119357K, committed 119424K, reserved 1153024K
  class space    used 14691K, capacity 15975K, committed 16000K, reserved 1048576K
}
Event: 189.560 GC heap before
{Heap before GC invocations=139 (full 0):
 garbage-first heap   total 263168K, used 235804K [0x0000000080000000, 0x0000000100000000)
  region size 1024K, 12 young (12288K), 2 survivors (2048K)
 Metaspace       used 116069K, capacity 119357K, committed 119424K, reserved 1153024K
  class space    used 14691K, capacity 15975K, committed 16000K, reserved 1048576K
}
Event: 189.565 GC heap after
{Heap after GC invocations=140 (full 0):
 garbage-first heap   total 316416K, used 228792K [0x0000000080000000, 0x0000000100000000)
  region size 1024K, 2 young (2048K), 2 survivors (2048K)
 Metaspace       used 116069K, capacity 119357K, committed 119424K, reserved 1153024K
  class space    used 14691K, capacity 15975K, committed 16000K, reserved 1048576K
}
Event: 189.919 GC heap before
{Heap before GC invocations=141 (full 0):
 garbage-first heap   total 316416K, used 257464K [0x0000000080000000, 0x0000000100000000)
  region size 1024K, 31 young (31744K), 2 survivors (2048K)
 Metaspace       used 116069K, capacity 119357K, committed 119424K, reserved 1153024K
  class space    used 14691K, capacity 15975K, committed 16000K, reserved 1048576K
}
Event: 189.923 GC heap after
{Heap after GC invocations=142 (full 0):
 garbage-first heap   total 316416K, used 231326K [0x0000000080000000, 0x0000000100000000)
  region size 1024K, 4 young (4096K), 4 survivors (4096K)
 Metaspace       used 116069K, capacity 119357K, committed 119424K, reserved 1153024K
  class space    used 14691K, capacity 15975K, committed 16000K, reserved 1048576K
}
Event: 189.967 GC heap before
{Heap before GC invocations=142 (full 0):
 garbage-first heap   total 316416K, used 242590K [0x0000000080000000, 0x0000000100000000)
  region size 1024K, 15 young (15360K), 4 survivors (4096K)
 Metaspace       used 116075K, capacity 119357K, committed 119424K, reserved 1153024K
  class space    used 14691K, capacity 15975K, committed 16000K, reserved 1048576K
}
Event: 189.970 GC heap after
{Heap after GC invocations=143 (full 0):
 garbage-first heap   total 316416K, used 231746K [0x0000000080000000, 0x0000000100000000)
  region size 1024K, 2 young (2048K), 2 survivors (2048K)
 Metaspace       used 116075K, capacity 119357K, committed 119424K, reserved 1153024K
  class space    used 14691K, capacity 15975K, committed 16000K, reserved 1048576K
}
Event: 190.084 GC heap before
{Heap before GC invocations=143 (full 0):
 garbage-first heap   total 316416K, used 261442K [0x0000000080000000, 0x0000000100000000)
  region size 1024K, 31 young (31744K), 2 survivors (2048K)
 Metaspace       used 116097K, capacity 119422K, committed 119680K, reserved 1153024K
  class space    used 14692K, capacity 15975K, committed 16000K, reserved 1048576K
}
Event: 190.090 GC heap after
{Heap after GC invocations=144 (full 0):
 garbage-first heap   total 316416K, used 233168K [0x0000000080000000, 0x0000000100000000)
  region size 1024K, 3 young (3072K), 3 survivors (3072K)
 Metaspace       used 116097K, capacity 119422K, committed 119680K, reserved 1153024K
  class space    used 14692K, capacity 15975K, committed 16000K, reserved 1048576K
}
Event: 190.150 GC heap before
{Heap before GC invocations=144 (full 0):
 garbage-first heap   total 316416K, used 263888K [0x0000000080000000, 0x0000000100000000)
  region size 1024K, 33 young (33792K), 3 survivors (3072K)
 Metaspace       used 116113K, capacity 119446K, committed 119680K, reserved 1153024K
  class space    used 14695K, capacity 15981K, committed 16000K, reserved 1048576K
}
Event: 190.155 GC heap after
{Heap after GC invocations=145 (full 0):
 garbage-first heap   total 402432K, used 233999K [0x0000000080000000, 0x0000000100000000)
  region size 1024K, 3 young (3072K), 3 survivors (3072K)
 Metaspace       used 116113K, capacity 119446K, committed 119680K, reserved 1153024K
  class space    used 14695K, capacity 15981K, committed 16000K, reserved 1048576K
}
Event: 190.440 GC heap before
{Heap before GC invocations=146 (full 0):
 garbage-first heap   total 402432K, used 309775K [0x0000000080000000, 0x0000000100000000)
  region size 1024K, 77 young (78848K), 3 survivors (3072K)
 Metaspace       used 116132K, capacity 119446K, committed 119680K, reserved 1153024K
  class space    used 14695K, capacity 15981K, committed 16000K, reserved 1048576K
}
Event: 190.445 GC heap after
{Heap after GC invocations=147 (full 0):
 garbage-first heap   total 402432K, used 238758K [0x0000000080000000, 0x0000000100000000)
  region size 1024K, 8 young (8192K), 8 survivors (8192K)
 Metaspace       used 116132K, capacity 119446K, committed 119680K, reserved 1153024K
  class space    used 14695K, capacity 15981K, committed 16000K, reserved 1048576K
}
Event: 190.849 GC heap before
{Heap before GC invocations=147 (full 0):
 garbage-first heap   total 402432K, used 315558K [0x0000000080000000, 0x0000000100000000)
  region size 1024K, 84 young (86016K), 8 survivors (8192K)
 Metaspace       used 116168K, capacity 119447K, committed 119680K, reserved 1153024K
  class space    used 14695K, capacity 15981K, committed 16000K, reserved 1048576K
}
Event: 190.857 GC heap after
{Heap after GC invocations=148 (full 0):
 garbage-first heap   total 402432K, used 244839K [0x0000000080000000, 0x0000000100000000)
  region size 1024K, 11 young (11264K), 11 survivors (11264K)
 Metaspace       used 116168K, capacity 119447K, committed 119680K, reserved 1153024K
  class space    used 14695K, capacity 15981K, committed 16000K, reserved 1048576K
}
Event: 191.190 GC heap before
{Heap before GC invocations=149 (full 0):
 garbage-first heap   total 402432K, used 322663K [0x0000000080000000, 0x0000000100000000)
  region size 1024K, 87 young (89088K), 11 survivors (11264K)
 Metaspace       used 116170K, capacity 119448K, committed 119680K, reserved 1153024K
  class space    used 14695K, capacity 15981K, committed 16000K, reserved 1048576K
}
Event: 191.198 GC heap after
{Heap after GC invocations=150 (full 0):
 garbage-first heap   total 402432K, used 250244K [0x0000000080000000, 0x0000000100000000)
  region size 1024K, 6 young (6144K), 6 survivors (6144K)
 Metaspace       used 116170K, capacity 119448K, committed 119680K, reserved 1153024K
  class space    used 14695K, capacity 15981K, committed 16000K, reserved 1048576K
}
Event: 192.085 GC heap before
{Heap before GC invocations=150 (full 0):
 garbage-first heap   total 402432K, used 326020K [0x0000000080000000, 0x0000000100000000)
  region size 1024K, 81 young (82944K), 6 survivors (6144K)
 Metaspace       used 116689K, capacity 120205K, committed 120320K, reserved 1153024K
  class space    used 14773K, capacity 16127K, committed 16128K, reserved 1048576K
}

